21:28:22.791 [http-nio-8080-exec-9] INFO  cart - Request Interceptor, IP 0:0:0:0:0:0:0:1, Path /api/v1/cart/items/save, rateLimitKey cart-0:0:0:0:0:0:0:1-/api/v1/cart/items/save
21:28:22.791 [http-nio-8080-exec-9] INFO  cart - Limit is allowed
21:34:45.915 [http-nio-8080-exec-1] INFO  cart - Request Interceptor, IP 0:0:0:0:0:0:0:1, Path /api/v1/cart/items/save, rateLimitKey cart-0:0:0:0:0:0:0:1-/api/v1/cart/items/save
21:34:45.924 [http-nio-8080-exec-1] INFO  cart - Limit is allowed
21:37:28.242 [http-nio-8080-exec-2] INFO  cart - Request Interceptor, IP 0:0:0:0:0:0:0:1, Path /api/v1/cart/items/save, rateLimitKey cart-0:0:0:0:0:0:0:1-/api/v1/cart/items/save
21:37:28.242 [http-nio-8080-exec-2] INFO  cart - Limit is allowed
21:37:35.917 [http-nio-8080-exec-3] INFO  cart - Request Interceptor, IP 0:0:0:0:0:0:0:1, Path /api/v1/cart/items/save, rateLimitKey cart-0:0:0:0:0:0:0:1-/api/v1/cart/items/save
21:37:35.917 [http-nio-8080-exec-3] INFO  cart - Limit is allowed
21:37:35.968 [http-nio-8080-exec-3] INFO  cart - Add Cart Item, item AddItemDTO{customerId='d5b26d5f-3767-41ea-90c3-1089a361376b', cant=11, price=1000}
21:37:35.971 [http-nio-8080-exec-3] INFO  cart - Use Case Save Cart Item CartItem{product=Product{productName='null', price=ProductPrice[value=org.ecommerce.blackfriday.common.domain.model.valueobject.Money@7918]}, quantity=Quantity[value=11], cachedTotal=0, isDirty=true}, customerId d5b26d5f-3767-41ea-90c3-1089a361376b
21:37:35.976 [http-nio-8080-exec-3] INFO  cart - Redis Cart Repository GET d5b26d5f-3767-41ea-90c3-1089a361376b
21:37:36.437 [http-nio-8080-exec-3] INFO  cart - Cart Domain after search in redis org.ecommerce.blackfriday.cart.domain.model.entity.Cart@8f44860a
21:37:36.438 [http-nio-8080-exec-3] INFO  cart - Redis Cart Repo Save org.ecommerce.blackfriday.cart.domain.model.entity.Cart@5a0263b5, customerId d5b26d5f-3767-41ea-90c3-1089a361376b 
21:37:36.439 [http-nio-8080-exec-3] INFO  cart - Redis Cart Mapper,toEntity to Redis org.ecommerce.blackfriday.cart.domain.model.entity.Cart@5a0263b5
21:37:36.440 [http-nio-8080-exec-3] INFO  cart - Redis Cart Item Mapper,toEntity to Redis CartItem{product=Product{productName='null', price=ProductPrice[value=org.ecommerce.blackfriday.common.domain.model.valueobject.Money@7918]}, quantity=Quantity[value=11], cachedTotal=11000.00, isDirty=false}
21:40:06.602 [http-nio-8080-exec-5] INFO  cart - Request Interceptor, IP 0:0:0:0:0:0:0:1, Path /api/v1/cart/items/save, rateLimitKey cart-0:0:0:0:0:0:0:1-/api/v1/cart/items/save
21:40:06.603 [http-nio-8080-exec-5] INFO  cart - Limit is allowed
21:40:06.604 [http-nio-8080-exec-5] INFO  cart - Add Cart Item, item AddItemDTO{customerId='d5b26d5f-3767-41ea-90c3-1089a361376b', cant=11, price=1000}
21:40:06.604 [http-nio-8080-exec-5] INFO  cart - Use Case Save Cart Item CartItem{product=Product{productName='null', price=ProductPrice[value=org.ecommerce.blackfriday.common.domain.model.valueobject.Money@7918]}, quantity=Quantity[value=11], cachedTotal=0, isDirty=true}, customerId d5b26d5f-3767-41ea-90c3-1089a361376b
21:40:06.604 [http-nio-8080-exec-5] INFO  cart - Redis Cart Repository GET d5b26d5f-3767-41ea-90c3-1089a361376b
21:40:06.616 [http-nio-8080-exec-5] INFO  cart - Redis Cart Mapper, cartModel RedisCartModel[cartId=d29694f7-1cd8-43dc-97be-3a85102c4028, items=[RedisCartItemModel[cartId=1d23f02f-2028-48cf-afca-5c0eb8dcd8c1, productId=d5b26d5f-3767-41ea-90c3-1089a361376b, productPrice=1000, quantity=11, total=11000.00]], total=11000.00]
21:40:06.617 [http-nio-8080-exec-5] INFO  cart - Redis Cart Item Mapper, cartModel RedisCartItemModel[cartId=1d23f02f-2028-48cf-afca-5c0eb8dcd8c1, productId=d5b26d5f-3767-41ea-90c3-1089a361376b, productPrice=1000, quantity=11, total=11000.00]
21:40:06.617 [http-nio-8080-exec-5] INFO  cart - Cart Domain after search in redis org.ecommerce.blackfriday.cart.domain.model.entity.Cart@5a0263b5
21:40:06.617 [http-nio-8080-exec-5] INFO  cart - Redis Cart Repo Save org.ecommerce.blackfriday.cart.domain.model.entity.Cart@5dd9aea, customerId d5b26d5f-3767-41ea-90c3-1089a361376b 
21:40:06.617 [http-nio-8080-exec-5] INFO  cart - Redis Cart Mapper,toEntity to Redis org.ecommerce.blackfriday.cart.domain.model.entity.Cart@5dd9aea
21:40:06.618 [http-nio-8080-exec-5] INFO  cart - Redis Cart Item Mapper,toEntity to Redis CartItem{product=Product{productName='null', price=ProductPrice[value=org.ecommerce.blackfriday.common.domain.model.valueobject.Money@7918]}, quantity=Quantity[value=11], cachedTotal=0, isDirty=true}
21:40:06.618 [http-nio-8080-exec-5] INFO  cart - Redis Cart Item Mapper,toEntity to Redis CartItem{product=Product{productName='null', price=ProductPrice[value=org.ecommerce.blackfriday.common.domain.model.valueobject.Money@7918]}, quantity=Quantity[value=11], cachedTotal=11000.00, isDirty=false}
21:40:09.329 [http-nio-8080-exec-6] INFO  cart - Request Interceptor, IP 0:0:0:0:0:0:0:1, Path /api/v1/cart/items/save, rateLimitKey cart-0:0:0:0:0:0:0:1-/api/v1/cart/items/save
21:40:09.329 [http-nio-8080-exec-6] INFO  cart - Limit is allowed
21:40:09.331 [http-nio-8080-exec-6] INFO  cart - Add Cart Item, item AddItemDTO{customerId='d5b26d5f-3767-41ea-90c3-1089a361376b', cant=11, price=1000}
21:40:09.331 [http-nio-8080-exec-6] INFO  cart - Use Case Save Cart Item CartItem{product=Product{productName='null', price=ProductPrice[value=org.ecommerce.blackfriday.common.domain.model.valueobject.Money@7918]}, quantity=Quantity[value=11], cachedTotal=0, isDirty=true}, customerId d5b26d5f-3767-41ea-90c3-1089a361376b
21:40:09.331 [http-nio-8080-exec-6] INFO  cart - Redis Cart Repository GET d5b26d5f-3767-41ea-90c3-1089a361376b
21:40:09.333 [http-nio-8080-exec-6] INFO  cart - Redis Cart Mapper, cartModel RedisCartModel[cartId=d29694f7-1cd8-43dc-97be-3a85102c4028, items=[RedisCartItemModel[cartId=1d23f02f-2028-48cf-afca-5c0eb8dcd8c1, productId=d5b26d5f-3767-41ea-90c3-1089a361376b, productPrice=1000, quantity=11, total=11000.00], RedisCartItemModel[cartId=871abe8c-c12e-44ad-9e92-219399d30369, productId=d5b26d5f-3767-41ea-90c3-1089a361376b, productPrice=1000, quantity=11, total=11000.00]], total=22000.00]
21:40:09.333 [http-nio-8080-exec-6] INFO  cart - Redis Cart Item Mapper, cartModel RedisCartItemModel[cartId=1d23f02f-2028-48cf-afca-5c0eb8dcd8c1, productId=d5b26d5f-3767-41ea-90c3-1089a361376b, productPrice=1000, quantity=11, total=11000.00]
21:40:09.333 [http-nio-8080-exec-6] INFO  cart - Redis Cart Item Mapper, cartModel RedisCartItemModel[cartId=871abe8c-c12e-44ad-9e92-219399d30369, productId=d5b26d5f-3767-41ea-90c3-1089a361376b, productPrice=1000, quantity=11, total=11000.00]
21:40:09.333 [http-nio-8080-exec-6] INFO  cart - Cart Domain after search in redis org.ecommerce.blackfriday.cart.domain.model.entity.Cart@5dd9aea
21:40:09.333 [http-nio-8080-exec-6] INFO  cart - Redis Cart Repo Save org.ecommerce.blackfriday.cart.domain.model.entity.Cart@a8997715, customerId d5b26d5f-3767-41ea-90c3-1089a361376b 
21:40:09.333 [http-nio-8080-exec-6] INFO  cart - Redis Cart Mapper,toEntity to Redis org.ecommerce.blackfriday.cart.domain.model.entity.Cart@a8997715
21:40:09.333 [http-nio-8080-exec-6] INFO  cart - Redis Cart Item Mapper,toEntity to Redis CartItem{product=Product{productName='null', price=ProductPrice[value=org.ecommerce.blackfriday.common.domain.model.valueobject.Money@7918]}, quantity=Quantity[value=11], cachedTotal=0, isDirty=true}
21:40:09.333 [http-nio-8080-exec-6] INFO  cart - Redis Cart Item Mapper,toEntity to Redis CartItem{product=Product{productName='null', price=ProductPrice[value=org.ecommerce.blackfriday.common.domain.model.valueobject.Money@7918]}, quantity=Quantity[value=11], cachedTotal=0, isDirty=true}
21:40:09.334 [http-nio-8080-exec-6] INFO  cart - Redis Cart Item Mapper,toEntity to Redis CartItem{product=Product{productName='null', price=ProductPrice[value=org.ecommerce.blackfriday.common.domain.model.valueobject.Money@7918]}, quantity=Quantity[value=11], cachedTotal=11000.00, isDirty=false}
21:42:00.826 [http-nio-8080-exec-8] INFO  cart - Request Interceptor, IP 0:0:0:0:0:0:0:1, Path /api/v1/cart/items/delete, rateLimitKey cart-0:0:0:0:0:0:0:1-/api/v1/cart/items/delete
21:42:00.826 [http-nio-8080-exec-8] INFO  cart - Limit is allowed
21:42:00.835 [http-nio-8080-exec-8] INFO  cart - Redis Cart Repository GET d5b26d5f-3767-41ea-90c3-1089a361376b
21:42:00.838 [http-nio-8080-exec-8] INFO  cart - Redis Cart Mapper, cartModel RedisCartModel[cartId=d29694f7-1cd8-43dc-97be-3a85102c4028, items=[RedisCartItemModel[cartId=1d23f02f-2028-48cf-afca-5c0eb8dcd8c1, productId=d5b26d5f-3767-41ea-90c3-1089a361376b, productPrice=1000, quantity=11, total=11000.00], RedisCartItemModel[cartId=871abe8c-c12e-44ad-9e92-219399d30369, productId=d5b26d5f-3767-41ea-90c3-1089a361376b, productPrice=1000, quantity=11, total=11000.00], RedisCartItemModel[cartId=2ae61aa2-d703-4b9d-9c9d-9d7d7cb6e97b, productId=d5b26d5f-3767-41ea-90c3-1089a361376b, productPrice=1000, quantity=11, total=11000.00]], total=33000.00]
21:42:00.838 [http-nio-8080-exec-8] INFO  cart - Redis Cart Item Mapper, cartModel RedisCartItemModel[cartId=1d23f02f-2028-48cf-afca-5c0eb8dcd8c1, productId=d5b26d5f-3767-41ea-90c3-1089a361376b, productPrice=1000, quantity=11, total=11000.00]
21:42:00.838 [http-nio-8080-exec-8] INFO  cart - Redis Cart Item Mapper, cartModel RedisCartItemModel[cartId=871abe8c-c12e-44ad-9e92-219399d30369, productId=d5b26d5f-3767-41ea-90c3-1089a361376b, productPrice=1000, quantity=11, total=11000.00]
21:42:00.838 [http-nio-8080-exec-8] INFO  cart - Redis Cart Item Mapper, cartModel RedisCartItemModel[cartId=2ae61aa2-d703-4b9d-9c9d-9d7d7cb6e97b, productId=d5b26d5f-3767-41ea-90c3-1089a361376b, productPrice=1000, quantity=11, total=11000.00]
21:42:06.662 [http-nio-8080-exec-10] INFO  cart - Request Interceptor, IP 0:0:0:0:0:0:0:1, Path /api/v1/cart/customer/{customerId}, rateLimitKey cart-0:0:0:0:0:0:0:1-/api/v1/cart/customer/{customerId}
21:42:06.662 [http-nio-8080-exec-10] INFO  cart - Limit is allowed
21:42:06.669 [http-nio-8080-exec-10] INFO  cart - Rest - Get Cart By CustomerId %s
21:42:06.670 [http-nio-8080-exec-10] INFO  cart - Redis Cart Repository GET d5b26d5f-3767-41ea-90c3-1089a361376b
21:42:06.672 [http-nio-8080-exec-10] INFO  cart - Redis Cart Mapper, cartModel RedisCartModel[cartId=d29694f7-1cd8-43dc-97be-3a85102c4028, items=[RedisCartItemModel[cartId=1d23f02f-2028-48cf-afca-5c0eb8dcd8c1, productId=d5b26d5f-3767-41ea-90c3-1089a361376b, productPrice=1000, quantity=11, total=11000.00], RedisCartItemModel[cartId=871abe8c-c12e-44ad-9e92-219399d30369, productId=d5b26d5f-3767-41ea-90c3-1089a361376b, productPrice=1000, quantity=11, total=11000.00], RedisCartItemModel[cartId=2ae61aa2-d703-4b9d-9c9d-9d7d7cb6e97b, productId=d5b26d5f-3767-41ea-90c3-1089a361376b, productPrice=1000, quantity=11, total=11000.00]], total=33000.00]
21:42:06.672 [http-nio-8080-exec-10] INFO  cart - Redis Cart Item Mapper, cartModel RedisCartItemModel[cartId=1d23f02f-2028-48cf-afca-5c0eb8dcd8c1, productId=d5b26d5f-3767-41ea-90c3-1089a361376b, productPrice=1000, quantity=11, total=11000.00]
21:42:06.672 [http-nio-8080-exec-10] INFO  cart - Redis Cart Item Mapper, cartModel RedisCartItemModel[cartId=871abe8c-c12e-44ad-9e92-219399d30369, productId=d5b26d5f-3767-41ea-90c3-1089a361376b, productPrice=1000, quantity=11, total=11000.00]
21:42:06.672 [http-nio-8080-exec-10] INFO  cart - Redis Cart Item Mapper, cartModel RedisCartItemModel[cartId=2ae61aa2-d703-4b9d-9c9d-9d7d7cb6e97b, productId=d5b26d5f-3767-41ea-90c3-1089a361376b, productPrice=1000, quantity=11, total=11000.00]
21:43:11.728 [http-nio-8080-exec-2] INFO  cart - Request Interceptor, IP 0:0:0:0:0:0:0:1, Path /api/v1/cart/items/delete, rateLimitKey cart-0:0:0:0:0:0:0:1-/api/v1/cart/items/delete
21:43:11.728 [http-nio-8080-exec-2] INFO  cart - Limit is allowed
21:44:13.711 [http-nio-8080-exec-3] INFO  cart - Request Interceptor, IP 0:0:0:0:0:0:0:1, Path /api/v1/cart/items/delete, rateLimitKey cart-0:0:0:0:0:0:0:1-/api/v1/cart/items/delete
21:44:13.711 [http-nio-8080-exec-3] INFO  cart - Limit is allowed
21:44:13.712 [http-nio-8080-exec-3] INFO  cart - Redis Cart Repository GET d5b26d5f-3767-41ea-90c3-1089a361376b
21:44:13.714 [http-nio-8080-exec-3] INFO  cart - Redis Cart Mapper, cartModel RedisCartModel[cartId=d29694f7-1cd8-43dc-97be-3a85102c4028, items=[RedisCartItemModel[cartId=1d23f02f-2028-48cf-afca-5c0eb8dcd8c1, productId=d5b26d5f-3767-41ea-90c3-1089a361376b, productPrice=1000, quantity=11, total=11000.00], RedisCartItemModel[cartId=871abe8c-c12e-44ad-9e92-219399d30369, productId=d5b26d5f-3767-41ea-90c3-1089a361376b, productPrice=1000, quantity=11, total=11000.00], RedisCartItemModel[cartId=2ae61aa2-d703-4b9d-9c9d-9d7d7cb6e97b, productId=d5b26d5f-3767-41ea-90c3-1089a361376b, productPrice=1000, quantity=11, total=11000.00]], total=33000.00]
21:44:13.714 [http-nio-8080-exec-3] INFO  cart - Redis Cart Item Mapper, cartModel RedisCartItemModel[cartId=1d23f02f-2028-48cf-afca-5c0eb8dcd8c1, productId=d5b26d5f-3767-41ea-90c3-1089a361376b, productPrice=1000, quantity=11, total=11000.00]
21:44:13.715 [http-nio-8080-exec-3] INFO  cart - Redis Cart Item Mapper, cartModel RedisCartItemModel[cartId=871abe8c-c12e-44ad-9e92-219399d30369, productId=d5b26d5f-3767-41ea-90c3-1089a361376b, productPrice=1000, quantity=11, total=11000.00]
21:44:13.715 [http-nio-8080-exec-3] INFO  cart - Redis Cart Item Mapper, cartModel RedisCartItemModel[cartId=2ae61aa2-d703-4b9d-9c9d-9d7d7cb6e97b, productId=d5b26d5f-3767-41ea-90c3-1089a361376b, productPrice=1000, quantity=11, total=11000.00]
21:44:13.715 [http-nio-8080-exec-3] INFO  cart - Redis Cart Repo Save org.ecommerce.blackfriday.cart.domain.model.entity.Cart@95dc582a, customerId d5b26d5f-3767-41ea-90c3-1089a361376b 
21:44:13.715 [http-nio-8080-exec-3] INFO  cart - Redis Cart Mapper,toEntity to Redis org.ecommerce.blackfriday.cart.domain.model.entity.Cart@95dc582a
21:44:13.715 [http-nio-8080-exec-3] INFO  cart - Redis Cart Item Mapper,toEntity to Redis CartItem{product=Product{productName='null', price=ProductPrice[value=org.ecommerce.blackfriday.common.domain.model.valueobject.Money@7918]}, quantity=Quantity[value=11], cachedTotal=0, isDirty=true}
21:44:13.715 [http-nio-8080-exec-3] INFO  cart - Redis Cart Item Mapper,toEntity to Redis CartItem{product=Product{productName='null', price=ProductPrice[value=org.ecommerce.blackfriday.common.domain.model.valueobject.Money@7918]}, quantity=Quantity[value=11], cachedTotal=0, isDirty=true}
21:44:59.301 [http-nio-8080-exec-5] INFO  cart - Request Interceptor, IP 0:0:0:0:0:0:0:1, Path /api/v1/cart/customer/{customerId}, rateLimitKey cart-0:0:0:0:0:0:0:1-/api/v1/cart/customer/{customerId}
21:44:59.301 [http-nio-8080-exec-5] INFO  cart - Limit is allowed
21:44:59.302 [http-nio-8080-exec-5] INFO  cart - Rest - Get Cart By CustomerId %s
21:44:59.302 [http-nio-8080-exec-5] INFO  cart - Redis Cart Repository GET d5b26d5f-3767-41ea-90c3-1089a361376b
21:44:59.304 [http-nio-8080-exec-5] INFO  cart - Redis Cart Mapper, cartModel RedisCartModel[cartId=d29694f7-1cd8-43dc-97be-3a85102c4028, items=[RedisCartItemModel[cartId=871abe8c-c12e-44ad-9e92-219399d30369, productId=d5b26d5f-3767-41ea-90c3-1089a361376b, productPrice=1000, quantity=11, total=11000.00], RedisCartItemModel[cartId=2ae61aa2-d703-4b9d-9c9d-9d7d7cb6e97b, productId=d5b26d5f-3767-41ea-90c3-1089a361376b, productPrice=1000, quantity=11, total=11000.00]], total=22000.00]
21:44:59.304 [http-nio-8080-exec-5] INFO  cart - Redis Cart Item Mapper, cartModel RedisCartItemModel[cartId=871abe8c-c12e-44ad-9e92-219399d30369, productId=d5b26d5f-3767-41ea-90c3-1089a361376b, productPrice=1000, quantity=11, total=11000.00]
21:44:59.305 [http-nio-8080-exec-5] INFO  cart - Redis Cart Item Mapper, cartModel RedisCartItemModel[cartId=2ae61aa2-d703-4b9d-9c9d-9d7d7cb6e97b, productId=d5b26d5f-3767-41ea-90c3-1089a361376b, productPrice=1000, quantity=11, total=11000.00]
21:45:39.911 [http-nio-8080-exec-7] INFO  cart - Request Interceptor, IP 0:0:0:0:0:0:0:1, Path /api/v1/cart/items/delete, rateLimitKey cart-0:0:0:0:0:0:0:1-/api/v1/cart/items/delete
21:45:39.911 [http-nio-8080-exec-7] INFO  cart - Limit is allowed
21:46:03.373 [http-nio-8080-exec-8] INFO  cart - Request Interceptor, IP 0:0:0:0:0:0:0:1, Path /api/v1/cart/items/delete, rateLimitKey cart-0:0:0:0:0:0:0:1-/api/v1/cart/items/delete
21:46:03.373 [http-nio-8080-exec-8] INFO  cart - Limit is allowed
21:46:03.374 [http-nio-8080-exec-8] INFO  cart - Redis Cart Repository GET d5b26d5f-3767-41ea-90c3-1089a361376b
21:46:03.376 [http-nio-8080-exec-8] INFO  cart - Redis Cart Mapper, cartModel RedisCartModel[cartId=d29694f7-1cd8-43dc-97be-3a85102c4028, items=[RedisCartItemModel[cartId=871abe8c-c12e-44ad-9e92-219399d30369, productId=d5b26d5f-3767-41ea-90c3-1089a361376b, productPrice=1000, quantity=11, total=11000.00], RedisCartItemModel[cartId=2ae61aa2-d703-4b9d-9c9d-9d7d7cb6e97b, productId=d5b26d5f-3767-41ea-90c3-1089a361376b, productPrice=1000, quantity=11, total=11000.00]], total=22000.00]
21:46:03.376 [http-nio-8080-exec-8] INFO  cart - Redis Cart Item Mapper, cartModel RedisCartItemModel[cartId=871abe8c-c12e-44ad-9e92-219399d30369, productId=d5b26d5f-3767-41ea-90c3-1089a361376b, productPrice=1000, quantity=11, total=11000.00]
21:46:03.376 [http-nio-8080-exec-8] INFO  cart - Redis Cart Item Mapper, cartModel RedisCartItemModel[cartId=2ae61aa2-d703-4b9d-9c9d-9d7d7cb6e97b, productId=d5b26d5f-3767-41ea-90c3-1089a361376b, productPrice=1000, quantity=11, total=11000.00]
21:46:03.376 [http-nio-8080-exec-8] INFO  cart - Redis Cart Repo Save org.ecommerce.blackfriday.cart.domain.model.entity.Cart@4c0feff5, customerId d5b26d5f-3767-41ea-90c3-1089a361376b 
21:46:03.376 [http-nio-8080-exec-8] INFO  cart - Redis Cart Mapper,toEntity to Redis org.ecommerce.blackfriday.cart.domain.model.entity.Cart@4c0feff5
21:46:03.376 [http-nio-8080-exec-8] INFO  cart - Redis Cart Item Mapper,toEntity to Redis CartItem{product=Product{productName='null', price=ProductPrice[value=org.ecommerce.blackfriday.common.domain.model.valueobject.Money@7918]}, quantity=Quantity[value=11], cachedTotal=0, isDirty=true}
21:50:19.597 [http-nio-8080-exec-10] INFO  cart - Request Interceptor, IP 0:0:0:0:0:0:0:1, Path /api/v1/cart/item/quantity/increment, rateLimitKey cart-0:0:0:0:0:0:0:1-/api/v1/cart/item/quantity/increment
21:50:19.597 [http-nio-8080-exec-10] INFO  cart - Limit is allowed
21:50:19.613 [http-nio-8080-exec-10] INFO  cart - Redis Cart Repository GET d5b26d5f-3767-41ea-90c3-1089a361376b
21:50:19.615 [http-nio-8080-exec-10] INFO  cart - Redis Cart Mapper, cartModel RedisCartModel[cartId=d29694f7-1cd8-43dc-97be-3a85102c4028, items=[RedisCartItemModel[cartId=2ae61aa2-d703-4b9d-9c9d-9d7d7cb6e97b, productId=d5b26d5f-3767-41ea-90c3-1089a361376b, productPrice=1000, quantity=11, total=11000.00]], total=11000.00]
21:50:19.615 [http-nio-8080-exec-10] INFO  cart - Redis Cart Item Mapper, cartModel RedisCartItemModel[cartId=2ae61aa2-d703-4b9d-9c9d-9d7d7cb6e97b, productId=d5b26d5f-3767-41ea-90c3-1089a361376b, productPrice=1000, quantity=11, total=11000.00]
21:50:24.979 [http-nio-8080-exec-2] INFO  cart - Request Interceptor, IP 0:0:0:0:0:0:0:1, Path /api/v1/cart/customer/{customerId}, rateLimitKey cart-0:0:0:0:0:0:0:1-/api/v1/cart/customer/{customerId}
21:50:24.979 [http-nio-8080-exec-2] INFO  cart - Limit is allowed
21:50:24.979 [http-nio-8080-exec-2] INFO  cart - Rest - Get Cart By CustomerId %s
21:50:24.980 [http-nio-8080-exec-2] INFO  cart - Redis Cart Repository GET d5b26d5f-3767-41ea-90c3-1089a361376b
21:50:24.982 [http-nio-8080-exec-2] INFO  cart - Redis Cart Mapper, cartModel RedisCartModel[cartId=d29694f7-1cd8-43dc-97be-3a85102c4028, items=[RedisCartItemModel[cartId=2ae61aa2-d703-4b9d-9c9d-9d7d7cb6e97b, productId=d5b26d5f-3767-41ea-90c3-1089a361376b, productPrice=1000, quantity=11, total=11000.00]], total=11000.00]
21:50:24.983 [http-nio-8080-exec-2] INFO  cart - Redis Cart Item Mapper, cartModel RedisCartItemModel[cartId=2ae61aa2-d703-4b9d-9c9d-9d7d7cb6e97b, productId=d5b26d5f-3767-41ea-90c3-1089a361376b, productPrice=1000, quantity=11, total=11000.00]
21:50:44.166 [http-nio-8080-exec-4] INFO  cart - Request Interceptor, IP 0:0:0:0:0:0:0:1, Path /api/v1/cart/item/quantity/decrement, rateLimitKey cart-0:0:0:0:0:0:0:1-/api/v1/cart/item/quantity/decrement
21:50:44.166 [http-nio-8080-exec-4] INFO  cart - Limit is allowed
21:50:44.167 [http-nio-8080-exec-4] INFO  cart - Redis Cart Repository GET d5b26d5f-3767-41ea-90c3-1089a361376b
21:50:44.170 [http-nio-8080-exec-4] INFO  cart - Redis Cart Mapper, cartModel RedisCartModel[cartId=d29694f7-1cd8-43dc-97be-3a85102c4028, items=[RedisCartItemModel[cartId=2ae61aa2-d703-4b9d-9c9d-9d7d7cb6e97b, productId=d5b26d5f-3767-41ea-90c3-1089a361376b, productPrice=1000, quantity=11, total=11000.00]], total=11000.00]
21:50:44.170 [http-nio-8080-exec-4] INFO  cart - Redis Cart Item Mapper, cartModel RedisCartItemModel[cartId=2ae61aa2-d703-4b9d-9c9d-9d7d7cb6e97b, productId=d5b26d5f-3767-41ea-90c3-1089a361376b, productPrice=1000, quantity=11, total=11000.00]
21:50:44.170 [http-nio-8080-exec-4] INFO  cart - Redis Cart Repo Save org.ecommerce.blackfriday.cart.domain.model.entity.Cart@4c0fec34, customerId d5b26d5f-3767-41ea-90c3-1089a361376b 
21:50:44.171 [http-nio-8080-exec-4] INFO  cart - Redis Cart Mapper,toEntity to Redis org.ecommerce.blackfriday.cart.domain.model.entity.Cart@4c0fec34
21:50:44.171 [http-nio-8080-exec-4] INFO  cart - Redis Cart Item Mapper,toEntity to Redis CartItem{product=Product{productName='null', price=ProductPrice[value=org.ecommerce.blackfriday.common.domain.model.valueobject.Money@7918]}, quantity=Quantity[value=10], cachedTotal=10000.00, isDirty=false}
21:50:45.912 [http-nio-8080-exec-5] INFO  cart - Request Interceptor, IP 0:0:0:0:0:0:0:1, Path /api/v1/cart/item/quantity/decrement, rateLimitKey cart-0:0:0:0:0:0:0:1-/api/v1/cart/item/quantity/decrement
21:50:45.912 [http-nio-8080-exec-5] INFO  cart - Limit is allowed
21:50:45.914 [http-nio-8080-exec-5] INFO  cart - Redis Cart Repository GET d5b26d5f-3767-41ea-90c3-1089a361376b
21:50:45.916 [http-nio-8080-exec-5] INFO  cart - Redis Cart Mapper, cartModel RedisCartModel[cartId=d29694f7-1cd8-43dc-97be-3a85102c4028, items=[RedisCartItemModel[cartId=2ae61aa2-d703-4b9d-9c9d-9d7d7cb6e97b, productId=d5b26d5f-3767-41ea-90c3-1089a361376b, productPrice=1000, quantity=10, total=10000.00]], total=10000.00]
21:50:45.916 [http-nio-8080-exec-5] INFO  cart - Redis Cart Item Mapper, cartModel RedisCartItemModel[cartId=2ae61aa2-d703-4b9d-9c9d-9d7d7cb6e97b, productId=d5b26d5f-3767-41ea-90c3-1089a361376b, productPrice=1000, quantity=10, total=10000.00]
21:50:45.916 [http-nio-8080-exec-5] INFO  cart - Redis Cart Repo Save org.ecommerce.blackfriday.cart.domain.model.entity.Cart@4c0fe873, customerId d5b26d5f-3767-41ea-90c3-1089a361376b 
21:50:45.916 [http-nio-8080-exec-5] INFO  cart - Redis Cart Mapper,toEntity to Redis org.ecommerce.blackfriday.cart.domain.model.entity.Cart@4c0fe873
21:50:45.916 [http-nio-8080-exec-5] INFO  cart - Redis Cart Item Mapper,toEntity to Redis CartItem{product=Product{productName='null', price=ProductPrice[value=org.ecommerce.blackfriday.common.domain.model.valueobject.Money@7918]}, quantity=Quantity[value=9], cachedTotal=9000.00, isDirty=false}
21:50:46.626 [http-nio-8080-exec-6] INFO  cart - Request Interceptor, IP 0:0:0:0:0:0:0:1, Path /api/v1/cart/item/quantity/decrement, rateLimitKey cart-0:0:0:0:0:0:0:1-/api/v1/cart/item/quantity/decrement
21:50:46.626 [http-nio-8080-exec-6] INFO  cart - Limit is allowed
21:50:46.628 [http-nio-8080-exec-6] INFO  cart - Redis Cart Repository GET d5b26d5f-3767-41ea-90c3-1089a361376b
21:50:46.630 [http-nio-8080-exec-6] INFO  cart - Redis Cart Mapper, cartModel RedisCartModel[cartId=d29694f7-1cd8-43dc-97be-3a85102c4028, items=[RedisCartItemModel[cartId=2ae61aa2-d703-4b9d-9c9d-9d7d7cb6e97b, productId=d5b26d5f-3767-41ea-90c3-1089a361376b, productPrice=1000, quantity=9, total=9000.00]], total=9000.00]
21:50:46.630 [http-nio-8080-exec-6] INFO  cart - Redis Cart Item Mapper, cartModel RedisCartItemModel[cartId=2ae61aa2-d703-4b9d-9c9d-9d7d7cb6e97b, productId=d5b26d5f-3767-41ea-90c3-1089a361376b, productPrice=1000, quantity=9, total=9000.00]
21:50:46.630 [http-nio-8080-exec-6] INFO  cart - Redis Cart Repo Save org.ecommerce.blackfriday.cart.domain.model.entity.Cart@4c0fe4b2, customerId d5b26d5f-3767-41ea-90c3-1089a361376b 
21:50:46.630 [http-nio-8080-exec-6] INFO  cart - Redis Cart Mapper,toEntity to Redis org.ecommerce.blackfriday.cart.domain.model.entity.Cart@4c0fe4b2
21:50:46.630 [http-nio-8080-exec-6] INFO  cart - Redis Cart Item Mapper,toEntity to Redis CartItem{product=Product{productName='null', price=ProductPrice[value=org.ecommerce.blackfriday.common.domain.model.valueobject.Money@7918]}, quantity=Quantity[value=8], cachedTotal=8000.00, isDirty=false}
21:50:47.139 [http-nio-8080-exec-7] INFO  cart - Request Interceptor, IP 0:0:0:0:0:0:0:1, Path /api/v1/cart/item/quantity/decrement, rateLimitKey cart-0:0:0:0:0:0:0:1-/api/v1/cart/item/quantity/decrement
21:50:47.139 [http-nio-8080-exec-7] INFO  cart - Limit is allowed
21:50:47.140 [http-nio-8080-exec-7] INFO  cart - Redis Cart Repository GET d5b26d5f-3767-41ea-90c3-1089a361376b
21:50:47.143 [http-nio-8080-exec-7] INFO  cart - Redis Cart Mapper, cartModel RedisCartModel[cartId=d29694f7-1cd8-43dc-97be-3a85102c4028, items=[RedisCartItemModel[cartId=2ae61aa2-d703-4b9d-9c9d-9d7d7cb6e97b, productId=d5b26d5f-3767-41ea-90c3-1089a361376b, productPrice=1000, quantity=8, total=8000.00]], total=8000.00]
21:50:47.143 [http-nio-8080-exec-7] INFO  cart - Redis Cart Item Mapper, cartModel RedisCartItemModel[cartId=2ae61aa2-d703-4b9d-9c9d-9d7d7cb6e97b, productId=d5b26d5f-3767-41ea-90c3-1089a361376b, productPrice=1000, quantity=8, total=8000.00]
21:50:47.143 [http-nio-8080-exec-7] INFO  cart - Redis Cart Repo Save org.ecommerce.blackfriday.cart.domain.model.entity.Cart@4c0fe0f1, customerId d5b26d5f-3767-41ea-90c3-1089a361376b 
21:50:47.143 [http-nio-8080-exec-7] INFO  cart - Redis Cart Mapper,toEntity to Redis org.ecommerce.blackfriday.cart.domain.model.entity.Cart@4c0fe0f1
21:50:47.143 [http-nio-8080-exec-7] INFO  cart - Redis Cart Item Mapper,toEntity to Redis CartItem{product=Product{productName='null', price=ProductPrice[value=org.ecommerce.blackfriday.common.domain.model.valueobject.Money@7918]}, quantity=Quantity[value=7], cachedTotal=7000.00, isDirty=false}
21:50:47.584 [http-nio-8080-exec-8] INFO  cart - Request Interceptor, IP 0:0:0:0:0:0:0:1, Path /api/v1/cart/item/quantity/decrement, rateLimitKey cart-0:0:0:0:0:0:0:1-/api/v1/cart/item/quantity/decrement
21:50:47.584 [http-nio-8080-exec-8] INFO  cart - Limit is allowed
21:50:47.585 [http-nio-8080-exec-8] INFO  cart - Redis Cart Repository GET d5b26d5f-3767-41ea-90c3-1089a361376b
21:50:47.587 [http-nio-8080-exec-8] INFO  cart - Redis Cart Mapper, cartModel RedisCartModel[cartId=d29694f7-1cd8-43dc-97be-3a85102c4028, items=[RedisCartItemModel[cartId=2ae61aa2-d703-4b9d-9c9d-9d7d7cb6e97b, productId=d5b26d5f-3767-41ea-90c3-1089a361376b, productPrice=1000, quantity=7, total=7000.00]], total=7000.00]
21:50:47.587 [http-nio-8080-exec-8] INFO  cart - Redis Cart Item Mapper, cartModel RedisCartItemModel[cartId=2ae61aa2-d703-4b9d-9c9d-9d7d7cb6e97b, productId=d5b26d5f-3767-41ea-90c3-1089a361376b, productPrice=1000, quantity=7, total=7000.00]
21:50:47.587 [http-nio-8080-exec-8] INFO  cart - Redis Cart Repo Save org.ecommerce.blackfriday.cart.domain.model.entity.Cart@4c0fdd30, customerId d5b26d5f-3767-41ea-90c3-1089a361376b 
21:50:47.587 [http-nio-8080-exec-8] INFO  cart - Redis Cart Mapper,toEntity to Redis org.ecommerce.blackfriday.cart.domain.model.entity.Cart@4c0fdd30
21:50:47.587 [http-nio-8080-exec-8] INFO  cart - Redis Cart Item Mapper,toEntity to Redis CartItem{product=Product{productName='null', price=ProductPrice[value=org.ecommerce.blackfriday.common.domain.model.valueobject.Money@7918]}, quantity=Quantity[value=6], cachedTotal=6000.00, isDirty=false}
21:50:47.977 [http-nio-8080-exec-9] INFO  cart - Request Interceptor, IP 0:0:0:0:0:0:0:1, Path /api/v1/cart/item/quantity/decrement, rateLimitKey cart-0:0:0:0:0:0:0:1-/api/v1/cart/item/quantity/decrement
21:50:47.977 [http-nio-8080-exec-9] INFO  cart - Limit is allowed
21:50:47.978 [http-nio-8080-exec-9] INFO  cart - Redis Cart Repository GET d5b26d5f-3767-41ea-90c3-1089a361376b
21:50:47.980 [http-nio-8080-exec-9] INFO  cart - Redis Cart Mapper, cartModel RedisCartModel[cartId=d29694f7-1cd8-43dc-97be-3a85102c4028, items=[RedisCartItemModel[cartId=2ae61aa2-d703-4b9d-9c9d-9d7d7cb6e97b, productId=d5b26d5f-3767-41ea-90c3-1089a361376b, productPrice=1000, quantity=6, total=6000.00]], total=6000.00]
21:50:47.980 [http-nio-8080-exec-9] INFO  cart - Redis Cart Item Mapper, cartModel RedisCartItemModel[cartId=2ae61aa2-d703-4b9d-9c9d-9d7d7cb6e97b, productId=d5b26d5f-3767-41ea-90c3-1089a361376b, productPrice=1000, quantity=6, total=6000.00]
21:50:47.980 [http-nio-8080-exec-9] INFO  cart - Redis Cart Repo Save org.ecommerce.blackfriday.cart.domain.model.entity.Cart@4c0fd96f, customerId d5b26d5f-3767-41ea-90c3-1089a361376b 
21:50:47.980 [http-nio-8080-exec-9] INFO  cart - Redis Cart Mapper,toEntity to Redis org.ecommerce.blackfriday.cart.domain.model.entity.Cart@4c0fd96f
21:50:47.980 [http-nio-8080-exec-9] INFO  cart - Redis Cart Item Mapper,toEntity to Redis CartItem{product=Product{productName='null', price=ProductPrice[value=org.ecommerce.blackfriday.common.domain.model.valueobject.Money@7918]}, quantity=Quantity[value=5], cachedTotal=5000.00, isDirty=false}
21:50:48.386 [http-nio-8080-exec-10] INFO  cart - Request Interceptor, IP 0:0:0:0:0:0:0:1, Path /api/v1/cart/item/quantity/decrement, rateLimitKey cart-0:0:0:0:0:0:0:1-/api/v1/cart/item/quantity/decrement
21:50:48.387 [http-nio-8080-exec-10] INFO  cart - Limit is allowed
21:50:48.388 [http-nio-8080-exec-10] INFO  cart - Redis Cart Repository GET d5b26d5f-3767-41ea-90c3-1089a361376b
21:50:48.390 [http-nio-8080-exec-10] INFO  cart - Redis Cart Mapper, cartModel RedisCartModel[cartId=d29694f7-1cd8-43dc-97be-3a85102c4028, items=[RedisCartItemModel[cartId=2ae61aa2-d703-4b9d-9c9d-9d7d7cb6e97b, productId=d5b26d5f-3767-41ea-90c3-1089a361376b, productPrice=1000, quantity=5, total=5000.00]], total=5000.00]
21:50:48.390 [http-nio-8080-exec-10] INFO  cart - Redis Cart Item Mapper, cartModel RedisCartItemModel[cartId=2ae61aa2-d703-4b9d-9c9d-9d7d7cb6e97b, productId=d5b26d5f-3767-41ea-90c3-1089a361376b, productPrice=1000, quantity=5, total=5000.00]
21:50:48.390 [http-nio-8080-exec-10] INFO  cart - Redis Cart Repo Save org.ecommerce.blackfriday.cart.domain.model.entity.Cart@4c0fd5ae, customerId d5b26d5f-3767-41ea-90c3-1089a361376b 
21:50:48.390 [http-nio-8080-exec-10] INFO  cart - Redis Cart Mapper,toEntity to Redis org.ecommerce.blackfriday.cart.domain.model.entity.Cart@4c0fd5ae
21:50:48.390 [http-nio-8080-exec-10] INFO  cart - Redis Cart Item Mapper,toEntity to Redis CartItem{product=Product{productName='null', price=ProductPrice[value=org.ecommerce.blackfriday.common.domain.model.valueobject.Money@7918]}, quantity=Quantity[value=4], cachedTotal=4000.00, isDirty=false}
21:50:48.779 [http-nio-8080-exec-1] INFO  cart - Request Interceptor, IP 0:0:0:0:0:0:0:1, Path /api/v1/cart/item/quantity/decrement, rateLimitKey cart-0:0:0:0:0:0:0:1-/api/v1/cart/item/quantity/decrement
21:50:48.779 [http-nio-8080-exec-1] INFO  cart - Limit is allowed
21:50:48.780 [http-nio-8080-exec-1] INFO  cart - Redis Cart Repository GET d5b26d5f-3767-41ea-90c3-1089a361376b
21:50:48.781 [http-nio-8080-exec-1] INFO  cart - Redis Cart Mapper, cartModel RedisCartModel[cartId=d29694f7-1cd8-43dc-97be-3a85102c4028, items=[RedisCartItemModel[cartId=2ae61aa2-d703-4b9d-9c9d-9d7d7cb6e97b, productId=d5b26d5f-3767-41ea-90c3-1089a361376b, productPrice=1000, quantity=4, total=4000.00]], total=4000.00]
21:50:48.781 [http-nio-8080-exec-1] INFO  cart - Redis Cart Item Mapper, cartModel RedisCartItemModel[cartId=2ae61aa2-d703-4b9d-9c9d-9d7d7cb6e97b, productId=d5b26d5f-3767-41ea-90c3-1089a361376b, productPrice=1000, quantity=4, total=4000.00]
21:50:48.781 [http-nio-8080-exec-1] INFO  cart - Redis Cart Repo Save org.ecommerce.blackfriday.cart.domain.model.entity.Cart@4c0fd1ed, customerId d5b26d5f-3767-41ea-90c3-1089a361376b 
21:50:48.782 [http-nio-8080-exec-1] INFO  cart - Redis Cart Mapper,toEntity to Redis org.ecommerce.blackfriday.cart.domain.model.entity.Cart@4c0fd1ed
21:50:48.782 [http-nio-8080-exec-1] INFO  cart - Redis Cart Item Mapper,toEntity to Redis CartItem{product=Product{productName='null', price=ProductPrice[value=org.ecommerce.blackfriday.common.domain.model.valueobject.Money@7918]}, quantity=Quantity[value=3], cachedTotal=3000.00, isDirty=false}
21:50:49.155 [http-nio-8080-exec-2] INFO  cart - Request Interceptor, IP 0:0:0:0:0:0:0:1, Path /api/v1/cart/item/quantity/decrement, rateLimitKey cart-0:0:0:0:0:0:0:1-/api/v1/cart/item/quantity/decrement
21:50:49.155 [http-nio-8080-exec-2] INFO  cart - Limit is allowed
21:50:49.156 [http-nio-8080-exec-2] INFO  cart - Redis Cart Repository GET d5b26d5f-3767-41ea-90c3-1089a361376b
21:50:49.158 [http-nio-8080-exec-2] INFO  cart - Redis Cart Mapper, cartModel RedisCartModel[cartId=d29694f7-1cd8-43dc-97be-3a85102c4028, items=[RedisCartItemModel[cartId=2ae61aa2-d703-4b9d-9c9d-9d7d7cb6e97b, productId=d5b26d5f-3767-41ea-90c3-1089a361376b, productPrice=1000, quantity=3, total=3000.00]], total=3000.00]
21:50:49.158 [http-nio-8080-exec-2] INFO  cart - Redis Cart Item Mapper, cartModel RedisCartItemModel[cartId=2ae61aa2-d703-4b9d-9c9d-9d7d7cb6e97b, productId=d5b26d5f-3767-41ea-90c3-1089a361376b, productPrice=1000, quantity=3, total=3000.00]
21:50:49.158 [http-nio-8080-exec-2] INFO  cart - Redis Cart Repo Save org.ecommerce.blackfriday.cart.domain.model.entity.Cart@4c0fce2c, customerId d5b26d5f-3767-41ea-90c3-1089a361376b 
21:50:49.158 [http-nio-8080-exec-2] INFO  cart - Redis Cart Mapper,toEntity to Redis org.ecommerce.blackfriday.cart.domain.model.entity.Cart@4c0fce2c
21:50:49.159 [http-nio-8080-exec-2] INFO  cart - Redis Cart Item Mapper,toEntity to Redis CartItem{product=Product{productName='null', price=ProductPrice[value=org.ecommerce.blackfriday.common.domain.model.valueobject.Money@7918]}, quantity=Quantity[value=2], cachedTotal=2000.00, isDirty=false}
21:50:49.603 [http-nio-8080-exec-3] INFO  cart - Request Interceptor, IP 0:0:0:0:0:0:0:1, Path /api/v1/cart/item/quantity/decrement, rateLimitKey cart-0:0:0:0:0:0:0:1-/api/v1/cart/item/quantity/decrement
21:50:49.603 [http-nio-8080-exec-3] INFO  cart - Limit is allowed
21:50:49.604 [http-nio-8080-exec-3] INFO  cart - Redis Cart Repository GET d5b26d5f-3767-41ea-90c3-1089a361376b
21:50:49.606 [http-nio-8080-exec-3] INFO  cart - Redis Cart Mapper, cartModel RedisCartModel[cartId=d29694f7-1cd8-43dc-97be-3a85102c4028, items=[RedisCartItemModel[cartId=2ae61aa2-d703-4b9d-9c9d-9d7d7cb6e97b, productId=d5b26d5f-3767-41ea-90c3-1089a361376b, productPrice=1000, quantity=2, total=2000.00]], total=2000.00]
21:50:49.606 [http-nio-8080-exec-3] INFO  cart - Redis Cart Item Mapper, cartModel RedisCartItemModel[cartId=2ae61aa2-d703-4b9d-9c9d-9d7d7cb6e97b, productId=d5b26d5f-3767-41ea-90c3-1089a361376b, productPrice=1000, quantity=2, total=2000.00]
21:50:49.606 [http-nio-8080-exec-3] INFO  cart - Redis Cart Repo Save org.ecommerce.blackfriday.cart.domain.model.entity.Cart@4c0fca6b, customerId d5b26d5f-3767-41ea-90c3-1089a361376b 
21:50:49.606 [http-nio-8080-exec-3] INFO  cart - Redis Cart Mapper,toEntity to Redis org.ecommerce.blackfriday.cart.domain.model.entity.Cart@4c0fca6b
21:50:49.606 [http-nio-8080-exec-3] INFO  cart - Redis Cart Item Mapper,toEntity to Redis CartItem{product=Product{productName='null', price=ProductPrice[value=org.ecommerce.blackfriday.common.domain.model.valueobject.Money@7918]}, quantity=Quantity[value=1], cachedTotal=1000.00, isDirty=false}
21:50:50.115 [http-nio-8080-exec-4] INFO  cart - Request Interceptor, IP 0:0:0:0:0:0:0:1, Path /api/v1/cart/item/quantity/decrement, rateLimitKey cart-0:0:0:0:0:0:0:1-/api/v1/cart/item/quantity/decrement
21:50:50.115 [http-nio-8080-exec-4] INFO  cart - Limit is allowed
21:50:50.117 [http-nio-8080-exec-4] INFO  cart - Redis Cart Repository GET d5b26d5f-3767-41ea-90c3-1089a361376b
21:50:50.119 [http-nio-8080-exec-4] INFO  cart - Redis Cart Mapper, cartModel RedisCartModel[cartId=d29694f7-1cd8-43dc-97be-3a85102c4028, items=[RedisCartItemModel[cartId=2ae61aa2-d703-4b9d-9c9d-9d7d7cb6e97b, productId=d5b26d5f-3767-41ea-90c3-1089a361376b, productPrice=1000, quantity=1, total=1000.00]], total=1000.00]
21:50:50.120 [http-nio-8080-exec-4] INFO  cart - Redis Cart Item Mapper, cartModel RedisCartItemModel[cartId=2ae61aa2-d703-4b9d-9c9d-9d7d7cb6e97b, productId=d5b26d5f-3767-41ea-90c3-1089a361376b, productPrice=1000, quantity=1, total=1000.00]
21:50:59.815 [http-nio-8080-exec-5] INFO  cart - Request Interceptor, IP 0:0:0:0:0:0:0:1, Path /api/v1/cart/item/quantity/increment, rateLimitKey cart-0:0:0:0:0:0:0:1-/api/v1/cart/item/quantity/increment
21:50:59.815 [http-nio-8080-exec-5] INFO  cart - Limit is allowed
21:50:59.817 [http-nio-8080-exec-5] INFO  cart - Redis Cart Repository GET d5b26d5f-3767-41ea-90c3-1089a361376b
21:50:59.819 [http-nio-8080-exec-5] INFO  cart - Redis Cart Mapper, cartModel RedisCartModel[cartId=d29694f7-1cd8-43dc-97be-3a85102c4028, items=[RedisCartItemModel[cartId=2ae61aa2-d703-4b9d-9c9d-9d7d7cb6e97b, productId=d5b26d5f-3767-41ea-90c3-1089a361376b, productPrice=1000, quantity=1, total=1000.00]], total=1000.00]
21:50:59.819 [http-nio-8080-exec-5] INFO  cart - Redis Cart Item Mapper, cartModel RedisCartItemModel[cartId=2ae61aa2-d703-4b9d-9c9d-9d7d7cb6e97b, productId=d5b26d5f-3767-41ea-90c3-1089a361376b, productPrice=1000, quantity=1, total=1000.00]
21:50:59.819 [http-nio-8080-exec-5] INFO  cart - Redis Cart Repo Save org.ecommerce.blackfriday.cart.domain.model.entity.Cart@4c0fce2c, customerId d5b26d5f-3767-41ea-90c3-1089a361376b 
21:50:59.820 [http-nio-8080-exec-5] INFO  cart - Redis Cart Mapper,toEntity to Redis org.ecommerce.blackfriday.cart.domain.model.entity.Cart@4c0fce2c
21:50:59.820 [http-nio-8080-exec-5] INFO  cart - Redis Cart Item Mapper,toEntity to Redis CartItem{product=Product{productName='null', price=ProductPrice[value=org.ecommerce.blackfriday.common.domain.model.valueobject.Money@7918]}, quantity=Quantity[value=2], cachedTotal=2000.00, isDirty=false}
21:51:16.154 [http-nio-8080-exec-7] INFO  cart - Request Interceptor, IP 0:0:0:0:0:0:0:1, Path /api/v1/cart/item/quantity/update, rateLimitKey cart-0:0:0:0:0:0:0:1-/api/v1/cart/item/quantity/update
21:51:16.154 [http-nio-8080-exec-7] INFO  cart - Limit is allowed
21:51:16.168 [http-nio-8080-exec-7] INFO  cart - Redis Cart Repository GET d5b26d5f-3767-41ea-90c3-1089a361376b
21:51:16.171 [http-nio-8080-exec-7] INFO  cart - Redis Cart Mapper, cartModel RedisCartModel[cartId=d29694f7-1cd8-43dc-97be-3a85102c4028, items=[RedisCartItemModel[cartId=2ae61aa2-d703-4b9d-9c9d-9d7d7cb6e97b, productId=d5b26d5f-3767-41ea-90c3-1089a361376b, productPrice=1000, quantity=2, total=2000.00]], total=2000.00]
21:51:16.171 [http-nio-8080-exec-7] INFO  cart - Redis Cart Item Mapper, cartModel RedisCartItemModel[cartId=2ae61aa2-d703-4b9d-9c9d-9d7d7cb6e97b, productId=d5b26d5f-3767-41ea-90c3-1089a361376b, productPrice=1000, quantity=2, total=2000.00]
21:51:16.172 [http-nio-8080-exec-7] INFO  cart - Redis Cart Repo Save org.ecommerce.blackfriday.cart.domain.model.entity.Cart@4c0fd5ae, customerId d5b26d5f-3767-41ea-90c3-1089a361376b 
21:51:16.172 [http-nio-8080-exec-7] INFO  cart - Redis Cart Mapper,toEntity to Redis org.ecommerce.blackfriday.cart.domain.model.entity.Cart@4c0fd5ae
21:51:16.172 [http-nio-8080-exec-7] INFO  cart - Redis Cart Item Mapper,toEntity to Redis CartItem{product=Product{productName='null', price=ProductPrice[value=org.ecommerce.blackfriday.common.domain.model.valueobject.Money@7918]}, quantity=Quantity[value=4], cachedTotal=4000.00, isDirty=false}
