17:30:39.368 [http-nio-8080-exec-1] INFO  purchase - [API] (create purchase), params request CreatePurchaseRequest{date=null, provider=ProviderRequest{name='provider-1', phone='null', email='null'}, items=[PurchaseItemRequest{productId=9515063a-fd51-4fe9-9c27-b9df22cf08bf, costPerUnit=120, quantity=3}, PurchaseItemRequest{productId=d72971fc-c747-49ea-8345-bad05dbca14d, costPerUnit=100, quantity=2}]}
17:30:39.371 [http-nio-8080-exec-1] INFO  purchase - [USE CASE] (create purchase) param domain Purchase{provider=Provider{name='provider-1', phone='null', email='null'}, status=CREATE, purchaseDate=PurchaseDate[value=null], items=[PurchaseItem{product=Product{productName='null', price=ProductPrice[value=org.ecommerce.blackfriday.common.domain.model.valueobject.Money@e88]}, quantity=Quantity[value=3]}, PurchaseItem{product=Product{productName='null', price=ProductPrice[value=org.ecommerce.blackfriday.common.domain.model.valueobject.Money@c1c]}, quantity=Quantity[value=2]}]}
17:38:53.620 [http-nio-8080-exec-1] INFO  purchase - [API] (create purchase), params request CreatePurchaseRequest{date=null, provider=ProviderRequest{name='provider-1', phone='null', email='null'}, items=[PurchaseItemRequest{productId=9515063a-fd51-4fe9-9c27-b9df22cf08bf, costPerUnit=120, quantity=3}, PurchaseItemRequest{productId=d72971fc-c747-49ea-8345-bad05dbca14d, costPerUnit=100, quantity=2}]}
17:38:53.624 [http-nio-8080-exec-1] INFO  purchase - [USE CASE] (create purchase) param domain Purchase{provider=Provider{name='provider-1', phone='null', email='null'}, status=CREATE, purchaseDate=PurchaseDate[value=null], items=[PurchaseItem{product=Product{productName='null', price=ProductPrice[value=org.ecommerce.blackfriday.common.domain.model.valueobject.Money@e88]}, quantity=Quantity[value=3]}, PurchaseItem{product=Product{productName='null', price=ProductPrice[value=org.ecommerce.blackfriday.common.domain.model.valueobject.Money@c1c]}, quantity=Quantity[value=2]}]}
17:39:12.574 [http-nio-8080-exec-3] INFO  purchase - [API] (received purchase), params request CanceledPurchaseRequest{purchaseId='9ea6d14d-718a-425e-87fa-23506a9a320f', comment='Provider arrived with products'}
17:39:12.575 [http-nio-8080-exec-3] INFO  purchase - [USE CASE] (received purchase) params purchaseId 9ea6d14d-718a-425e-87fa-23506a9a320f, comment Provider arrived with products
17:39:12.616 [http-nio-8080-exec-3] INFO  purchase - [EVENT] (send event before receiving purchase), params event IncreaseStockEvent{productId=ProductId{}9515063a-fd51-4fe9-9c27-b9df22cf08bf, quantity=3}
17:39:12.617 [http-nio-8080-exec-3] INFO  purchase - [EVENT] (send event before receiving purchase), params event IncreaseStockEvent{productId=ProductId{}d72971fc-c747-49ea-8345-bad05dbca14d, quantity=2}
17:45:35.164 [http-nio-8080-exec-1] INFO  purchase - [API] (received purchase), params request ReceivedPurchaseRequest{purchaseId='9ea6d14d-718a-425e-87fa-23506a9a320f', comment='Provider arrived with products'}
17:45:35.164 [http-nio-8080-exec-1] INFO  purchase - [USE CASE] (received purchase) params purchaseId 9ea6d14d-718a-425e-87fa-23506a9a320f, comment Provider arrived with products
17:45:39.787 [http-nio-8080-exec-2] INFO  purchase - [API] (create purchase), params request CreatePurchaseRequest{date=null, provider=ProviderRequest{name='provider-1', phone='null', email='null'}, items=[PurchaseItemRequest{productId=9515063a-fd51-4fe9-9c27-b9df22cf08bf, costPerUnit=120, quantity=3}, PurchaseItemRequest{productId=d72971fc-c747-49ea-8345-bad05dbca14d, costPerUnit=100, quantity=2}]}
17:45:39.791 [http-nio-8080-exec-2] INFO  purchase - [USE CASE] (create purchase) param domain Purchase{provider=Provider{name='provider-1', phone='null', email='null'}, status=CREATE, purchaseDate=PurchaseDate[value=null], items=[PurchaseItem{product=Product{productName='null', price=ProductPrice[value=org.ecommerce.blackfriday.common.domain.model.valueobject.Money@e88]}, quantity=Quantity[value=3]}, PurchaseItem{product=Product{productName='null', price=ProductPrice[value=org.ecommerce.blackfriday.common.domain.model.valueobject.Money@c1c]}, quantity=Quantity[value=2]}]}
17:45:43.328 [http-nio-8080-exec-3] INFO  purchase - [API] (received purchase), params request ReceivedPurchaseRequest{purchaseId='9ea6d14d-718a-425e-87fa-23506a9a320f', comment='Provider arrived with products'}
17:45:43.328 [http-nio-8080-exec-3] INFO  purchase - [USE CASE] (received purchase) params purchaseId 9ea6d14d-718a-425e-87fa-23506a9a320f, comment Provider arrived with products
17:46:02.960 [http-nio-8080-exec-5] INFO  purchase - [API] (received purchase), params request ReceivedPurchaseRequest{purchaseId='9f6e6d36-2712-48b7-bde7-7906c19ed76b', comment='Provider arrived with products'}
17:46:02.960 [http-nio-8080-exec-5] INFO  purchase - [USE CASE] (received purchase) params purchaseId 9f6e6d36-2712-48b7-bde7-7906c19ed76b, comment Provider arrived with products
17:46:02.988 [http-nio-8080-exec-5] INFO  purchase - [EVENT] (send event before receiving purchase), params event IncreaseStockEvent{productId=ProductId{}9515063a-fd51-4fe9-9c27-b9df22cf08bf, quantity=3}
17:46:02.989 [http-nio-8080-exec-5] INFO  purchase - [EVENT] (send event before receiving purchase), params event IncreaseStockEvent{productId=ProductId{}d72971fc-c747-49ea-8345-bad05dbca14d, quantity=2}
17:58:28.036 [http-nio-8080-exec-1] INFO  purchase - [API] (create purchase), params request CreatePurchaseRequest{date=null, provider=ProviderRequest{name='provider-1', phone='null', email='null'}, items=[PurchaseItemRequest{productId=e3f89c70-1234-4d2d-a8b6-55de09ae72a9, costPerUnit=120, quantity=3}, PurchaseItemRequest{productId=9ae1cb6d-1e21-4e32-8f62-d84edbdfa6cd, costPerUnit=100, quantity=2}]}
17:58:28.039 [http-nio-8080-exec-1] INFO  purchase - [USE CASE] (create purchase) param domain Purchase{provider=Provider{name='provider-1', phone='null', email='null'}, status=CREATE, purchaseDate=PurchaseDate[value=null], items=[PurchaseItem{product=Product{productName='null', price=ProductPrice[value=org.ecommerce.blackfriday.common.domain.model.valueobject.Money@e88]}, quantity=Quantity[value=3]}, PurchaseItem{product=Product{productName='null', price=ProductPrice[value=org.ecommerce.blackfriday.common.domain.model.valueobject.Money@c1c]}, quantity=Quantity[value=2]}]}
17:59:02.157 [http-nio-8080-exec-6] INFO  purchase - [API] (received purchase), params request ReceivedPurchaseRequest{purchaseId='ef780453-8c4f-4d89-833d-69d79951d0e8', comment='Provider arrived with products'}
17:59:02.157 [http-nio-8080-exec-6] INFO  purchase - [USE CASE] (received purchase) params purchaseId ef780453-8c4f-4d89-833d-69d79951d0e8, comment Provider arrived with products
17:59:02.175 [http-nio-8080-exec-6] INFO  purchase - [EVENT] (send event before receiving purchase), params event IncreaseStockEvent{productId=ProductId{}e3f89c70-1234-4d2d-a8b6-55de09ae72a9, quantity=3}
17:59:02.177 [http-nio-8080-exec-6] INFO  purchase - [EVENT] (send event before receiving purchase), params event IncreaseStockEvent{productId=ProductId{}9ae1cb6d-1e21-4e32-8f62-d84edbdfa6cd, quantity=2}
